2023-04-14 17:06:32.463: my pid: 18985
2023-04-14 17:06:32.464: model: reckit.model.SGL
2023-04-14 17:06:32.467: NeuRec:NeuRec:
recommender=SGL
dataset=movielens_100k
file_column=UI
sep=','
gpu_id=0
gpu_mem=0.99
num_thread=4
metric=["Precision", "Recall", "NDCG"]
top_k=[20]
test_thread=4
test_batch_size=64
seed=2023
start_testing_epoch=0

SGL:hyperparameters:
aug_type=ed
reg=1e-4
embedding_size=64
n_layers=3
ssl_reg=0.1
ssl_ratio=0.1
ssl_temp=0.2
ssl_mode=both_side
sample_ratio=7
sample_rate=8
lr=0.001
learner=adam
adj_type=pre
epochs=1000
batch_size=64
num_negatives=1
param_init=xavier_uniform
stddev=0.01
verbose=1
stop_cnt=10
pretrain_flag=0
save_flag=0
2023-04-14 17:07:06.182: metrics:	Precision@20	Recall@20   	NDCG@20     
