2023-04-13 14:48:45.152: my pid: 2705
2023-04-13 14:48:45.154: model: model.general_recommender.SGL
2023-04-13 14:48:45.163: NeuRec:NeuRec:
recommender=SGL
dataset=yelp2018
file_column=UI
sep=','
gpu_id=0
gpu_mem=0.99
metric=["Precision", "Recall", "NDCG"]
top_k=[20]
test_thread=4
test_batch_size=64
seed=2023
start_testing_epoch=0

SGL:hyperparameters:
aug_type=ED
reg=1e-4
embedding_size=64
n_layers=3
ssl_reg=0.1
ssl_ratio=0.1
ssl_temp=0.2
ssl_mode=both_side
lr=0.001
learner=adam
adj_type=pre
epochs=1000
batch_size=2048
num_negatives=1
param_init=xavier_uniform
stddev=0.01
verbose=1
stop_cnt=10
pretrain_flag=0
save_flag=0
